Overall allowed requests : 100
Query per second limit:  50
==================================================
------------------- Positive tests -----------------
Status code of request 1 : 			200
Overall request count in Redis : 	1
QPS count in Redis : 				1
 
Status code of request 2 : 			200
Overall request count in Redis : 	2
QPS count in Redis : 				2
 
Status code of request 3 : 			200
Overall request count in Redis : 	3
QPS count in Redis : 				3
 
Status code of request 4 : 			200
Overall request count in Redis : 	4
QPS count in Redis : 				4
 
Status code of request 5 : 			200
Overall request count in Redis : 	5
QPS count in Redis : 				5
 
Status code of request 6 : 			200
Overall request count in Redis : 	6
QPS count in Redis : 				6
 
Status code of request 7 : 			200
Overall request count in Redis : 	7
QPS count in Redis : 				7
 
Status code of request 8 : 			200
Overall request count in Redis : 	8
QPS count in Redis : 				8
 
Status code of request 9 : 			200
Overall request count in Redis : 	9
QPS count in Redis : 				9
 
Status code of request 10 : 			200
Overall request count in Redis : 	10
QPS count in Redis : 				10
 
Status code of request 11 : 			200
Overall request count in Redis : 	11
QPS count in Redis : 				11
 
Status code of request 12 : 			200
Overall request count in Redis : 	12
QPS count in Redis : 				12
 
Status code of request 13 : 			200
Overall request count in Redis : 	13
QPS count in Redis : 				13
 
Status code of request 14 : 			200
Overall request count in Redis : 	14
QPS count in Redis : 				14
 
Status code of request 15 : 			200
Overall request count in Redis : 	15
QPS count in Redis : 				15
 
Status code of request 16 : 			200
Overall request count in Redis : 	16
QPS count in Redis : 				16
 
Status code of request 17 : 			200
Overall request count in Redis : 	17
QPS count in Redis : 				17
 
Status code of request 18 : 			200
Overall request count in Redis : 	18
QPS count in Redis : 				18
 
Status code of request 19 : 			200
Overall request count in Redis : 	19
QPS count in Redis : 				19
 
Status code of request 20 : 			200
Overall request count in Redis : 	20
QPS count in Redis : 				20
 
Status code of request 21 : 			200
Overall request count in Redis : 	21
QPS count in Redis : 				21
 
Status code of request 22 : 			200
Overall request count in Redis : 	22
QPS count in Redis : 				22
 
Status code of request 23 : 			200
Overall request count in Redis : 	23
QPS count in Redis : 				23
 
Status code of request 24 : 			200
Overall request count in Redis : 	24
QPS count in Redis : 				24
 
Status code of request 25 : 			200
Overall request count in Redis : 	25
QPS count in Redis : 				25
 
Status code of request 26 : 			200
Overall request count in Redis : 	26
QPS count in Redis : 				26
 
Status code of request 27 : 			200
Overall request count in Redis : 	27
QPS count in Redis : 				27
 
Status code of request 28 : 			200
Overall request count in Redis : 	28
QPS count in Redis : 				28
 
Status code of request 29 : 			200
Overall request count in Redis : 	29
QPS count in Redis : 				29
 
Status code of request 30 : 			200
Overall request count in Redis : 	30
QPS count in Redis : 				30
 
Status code of request 31 : 			200
Overall request count in Redis : 	31
QPS count in Redis : 				31
 
Status code of request 32 : 			200
Overall request count in Redis : 	32
QPS count in Redis : 				32
 
Status code of request 33 : 			200
Overall request count in Redis : 	33
QPS count in Redis : 				33
 
Status code of request 34 : 			200
Overall request count in Redis : 	34
QPS count in Redis : 				34
 
Status code of request 35 : 			200
Overall request count in Redis : 	35
QPS count in Redis : 				35
 
Status code of request 36 : 			200
Overall request count in Redis : 	36
QPS count in Redis : 				36
 
Status code of request 37 : 			200
Overall request count in Redis : 	37
QPS count in Redis : 				37
 
Status code of request 38 : 			200
Overall request count in Redis : 	38
QPS count in Redis : 				38
 
Status code of request 39 : 			200
Overall request count in Redis : 	39
QPS count in Redis : 				39
 
Status code of request 40 : 			200
Overall request count in Redis : 	40
QPS count in Redis : 				40
 
Status code of request 41 : 			200
Overall request count in Redis : 	41
QPS count in Redis : 				41
 
Status code of request 42 : 			200
Overall request count in Redis : 	42
QPS count in Redis : 				42
 
Status code of request 43 : 			200
Overall request count in Redis : 	43
QPS count in Redis : 				43
 
Status code of request 44 : 			200
Overall request count in Redis : 	44
QPS count in Redis : 				44
 
Status code of request 45 : 			200
Overall request count in Redis : 	45
QPS count in Redis : 				45
 
Status code of request 46 : 			200
Overall request count in Redis : 	46
QPS count in Redis : 				46
 
Status code of request 47 : 			200
Overall request count in Redis : 	47
QPS count in Redis : 				47
 
Status code of request 48 : 			200
Overall request count in Redis : 	48
QPS count in Redis : 				48
 
Status code of request 49 : 			200
Overall request count in Redis : 	49
QPS count in Redis : 				49
 
Status code of request 50 : 			200
Overall request count in Redis : 	50
QPS count in Redis : 				50
 
============================
Waiting 1 sec to avoid qps limit.....
Status code of request 51 : 			200
Overall request count in Redis : 	51
QPS count in Redis : 				1
 
Status code of request 52 : 			200
Overall request count in Redis : 	52
QPS count in Redis : 				2
 
Status code of request 53 : 			200
Overall request count in Redis : 	53
QPS count in Redis : 				3
 
Status code of request 54 : 			200
Overall request count in Redis : 	54
QPS count in Redis : 				4
 
Status code of request 55 : 			200
Overall request count in Redis : 	55
QPS count in Redis : 				5
 
Status code of request 56 : 			200
Overall request count in Redis : 	56
QPS count in Redis : 				6
 
Status code of request 57 : 			200
Overall request count in Redis : 	57
QPS count in Redis : 				7
 
Status code of request 58 : 			200
Overall request count in Redis : 	58
QPS count in Redis : 				8
 
Status code of request 59 : 			200
Overall request count in Redis : 	59
QPS count in Redis : 				9
 
Status code of request 60 : 			200
Overall request count in Redis : 	60
QPS count in Redis : 				10
 
Status code of request 61 : 			200
Overall request count in Redis : 	61
QPS count in Redis : 				11
 
Status code of request 62 : 			200
Overall request count in Redis : 	62
QPS count in Redis : 				12
 
Status code of request 63 : 			200
Overall request count in Redis : 	63
QPS count in Redis : 				13
 
Status code of request 64 : 			200
Overall request count in Redis : 	64
QPS count in Redis : 				14
 
Status code of request 65 : 			200
Overall request count in Redis : 	65
QPS count in Redis : 				15
 
Status code of request 66 : 			200
Overall request count in Redis : 	66
QPS count in Redis : 				16
 
Status code of request 67 : 			200
Overall request count in Redis : 	67
QPS count in Redis : 				17
 
Status code of request 68 : 			200
Overall request count in Redis : 	68
QPS count in Redis : 				18
 
Status code of request 69 : 			200
Overall request count in Redis : 	69
QPS count in Redis : 				19
 
Status code of request 70 : 			200
Overall request count in Redis : 	70
QPS count in Redis : 				20
 
Status code of request 71 : 			200
Overall request count in Redis : 	71
QPS count in Redis : 				21
 
Status code of request 72 : 			200
Overall request count in Redis : 	72
QPS count in Redis : 				22
 
Status code of request 73 : 			200
Overall request count in Redis : 	73
QPS count in Redis : 				23
 
Status code of request 74 : 			200
Overall request count in Redis : 	74
QPS count in Redis : 				24
 
Status code of request 75 : 			200
Overall request count in Redis : 	75
QPS count in Redis : 				25
 
Status code of request 76 : 			200
Overall request count in Redis : 	76
QPS count in Redis : 				26
 
Status code of request 77 : 			200
Overall request count in Redis : 	77
QPS count in Redis : 				27
 
Status code of request 78 : 			200
Overall request count in Redis : 	78
QPS count in Redis : 				28
 
Status code of request 79 : 			200
Overall request count in Redis : 	79
QPS count in Redis : 				29
 
Status code of request 80 : 			200
Overall request count in Redis : 	80
QPS count in Redis : 				30
 
Status code of request 81 : 			200
Overall request count in Redis : 	81
QPS count in Redis : 				31
 
Status code of request 82 : 			200
Overall request count in Redis : 	82
QPS count in Redis : 				32
 
Status code of request 83 : 			200
Overall request count in Redis : 	83
QPS count in Redis : 				33
 
Status code of request 84 : 			200
Overall request count in Redis : 	84
QPS count in Redis : 				34
 
Status code of request 85 : 			200
Overall request count in Redis : 	85
QPS count in Redis : 				35
 
Status code of request 86 : 			200
Overall request count in Redis : 	86
QPS count in Redis : 				36
 
Status code of request 87 : 			200
Overall request count in Redis : 	87
QPS count in Redis : 				37
 
Status code of request 88 : 			200
Overall request count in Redis : 	88
QPS count in Redis : 				38
 
Status code of request 89 : 			200
Overall request count in Redis : 	89
QPS count in Redis : 				39
 
Status code of request 90 : 			200
Overall request count in Redis : 	90
QPS count in Redis : 				40
 
Status code of request 91 : 			200
Overall request count in Redis : 	91
QPS count in Redis : 				41
 
Status code of request 92 : 			200
Overall request count in Redis : 	92
QPS count in Redis : 				42
 
Status code of request 93 : 			200
Overall request count in Redis : 	93
QPS count in Redis : 				43
 
Status code of request 94 : 			200
Overall request count in Redis : 	94
QPS count in Redis : 				44
 
Status code of request 95 : 			200
Overall request count in Redis : 	95
QPS count in Redis : 				45
 
Status code of request 96 : 			200
Overall request count in Redis : 	96
QPS count in Redis : 				46
 
Status code of request 97 : 			200
Overall request count in Redis : 	97
QPS count in Redis : 				47
 
Status code of request 98 : 			200
Overall request count in Redis : 	98
QPS count in Redis : 				48
 
Status code of request 99 : 			200
Overall request count in Redis : 	99
QPS count in Redis : 				49
 
Status code of request 100 : 			200
Overall request count in Redis : 	100
QPS count in Redis : 				50
 
============================
Waiting 1 sec to avoid qps limit.....

----------Negative test: overall req limit reached -------------
Status code of request 101 : 			429
Overall request count in Redis : 	100
QPS count in Redis : 				1
 
Status code of request 102 : 			429
Overall request count in Redis : 	100
QPS count in Redis : 				2
 
Status code of request 103 : 			429
Overall request count in Redis : 	100
QPS count in Redis : 				3
 
Status code of request 104 : 			429
Overall request count in Redis : 	100
QPS count in Redis : 				4
 
Status code of request 105 : 			429
Overall request count in Redis : 	100
QPS count in Redis : 				5
 
Status code of request 106 : 			429
Overall request count in Redis : 	100
QPS count in Redis : 				6
 
Status code of request 107 : 			429
Overall request count in Redis : 	100
QPS count in Redis : 				7
 
Status code of request 108 : 			429
Overall request count in Redis : 	100
QPS count in Redis : 				8
 
Status code of request 109 : 			429
Overall request count in Redis : 	100
QPS count in Redis : 				9
 
Status code of request 110 : 			429
Overall request count in Redis : 	100
QPS count in Redis : 				10
 
Status code of request 111 : 			429
Overall request count in Redis : 	100
QPS count in Redis : 				11
 
Status code of request 112 : 			429
Overall request count in Redis : 	100
QPS count in Redis : 				12
 
Status code of request 113 : 			429
Overall request count in Redis : 	100
QPS count in Redis : 				13
 
Status code of request 114 : 			429
Overall request count in Redis : 	100
QPS count in Redis : 				14
 
Status code of request 115 : 			429
Overall request count in Redis : 	100
QPS count in Redis : 				15
 
Status code of request 116 : 			429
Overall request count in Redis : 	100
QPS count in Redis : 				16
 
Status code of request 117 : 			429
Overall request count in Redis : 	100
QPS count in Redis : 				17
 
Status code of request 118 : 			429
Overall request count in Redis : 	100
QPS count in Redis : 				18
 
Status code of request 119 : 			429
Overall request count in Redis : 	100
QPS count in Redis : 				19
 
Status code of request 120 : 			429
Overall request count in Redis : 	100
QPS count in Redis : 				20
 
Status code of request 121 : 			429
Overall request count in Redis : 	100
QPS count in Redis : 				21
 
Status code of request 122 : 			429
Overall request count in Redis : 	100
QPS count in Redis : 				22
 
Status code of request 123 : 			429
Overall request count in Redis : 	100
QPS count in Redis : 				23
 
Status code of request 124 : 			429
Overall request count in Redis : 	100
QPS count in Redis : 				24
 
Status code of request 125 : 			429
Overall request count in Redis : 	100
QPS count in Redis : 				25
 
Status code of request 126 : 			429
Overall request count in Redis : 	100
QPS count in Redis : 				26
 
Status code of request 127 : 			429
Overall request count in Redis : 	100
QPS count in Redis : 				27
 
Status code of request 128 : 			429
Overall request count in Redis : 	100
QPS count in Redis : 				28
 
Status code of request 129 : 			429
Overall request count in Redis : 	100
QPS count in Redis : 				29
 
Status code of request 130 : 			429
Overall request count in Redis : 	100
QPS count in Redis : 				30
 
Status code of request 131 : 			429
Overall request count in Redis : 	100
QPS count in Redis : 				31
 
Status code of request 132 : 			429
Overall request count in Redis : 	100
QPS count in Redis : 				32
 
Status code of request 133 : 			429
Overall request count in Redis : 	100
QPS count in Redis : 				33
 
Status code of request 134 : 			429
Overall request count in Redis : 	100
QPS count in Redis : 				34
 
Status code of request 135 : 			429
Overall request count in Redis : 	100
QPS count in Redis : 				35
 
Status code of request 136 : 			429
Overall request count in Redis : 	100
QPS count in Redis : 				36
 
Status code of request 137 : 			429
Overall request count in Redis : 	100
QPS count in Redis : 				37
 
Status code of request 138 : 			429
Overall request count in Redis : 	100
QPS count in Redis : 				38
 
Status code of request 139 : 			429
Overall request count in Redis : 	100
QPS count in Redis : 				39
 
Status code of request 140 : 			429
Overall request count in Redis : 	100
QPS count in Redis : 				40
 
Status code of request 141 : 			429
Overall request count in Redis : 	100
QPS count in Redis : 				41
 
Status code of request 142 : 			429
Overall request count in Redis : 	100
QPS count in Redis : 				42
 
Status code of request 143 : 			429
Overall request count in Redis : 	100
QPS count in Redis : 				43
 
Status code of request 144 : 			429
Overall request count in Redis : 	100
QPS count in Redis : 				44
 
Status code of request 145 : 			429
Overall request count in Redis : 	100
QPS count in Redis : 				45
 
Status code of request 146 : 			429
Overall request count in Redis : 	100
QPS count in Redis : 				46
 
Status code of request 147 : 			429
Overall request count in Redis : 	100
QPS count in Redis : 				47
 
Status code of request 148 : 			429
Overall request count in Redis : 	100
QPS count in Redis : 				48
 
Status code of request 149 : 			429
Overall request count in Redis : 	100
QPS count in Redis : 				49
 
Status code of request 150 : 			429
Overall request count in Redis : 	100
QPS count in Redis : 				50
 

----------Negative test: QPS limit reached -------------
Setting back overlimit req count.
Sending 55 req/sec.....
Status code of request 151 : 			429
redis: nil
Overall request count in Redis : 	0
QPS count in Redis : 			50
 
Status code of request 152 : 			429
redis: nil
Overall request count in Redis : 	0
QPS count in Redis : 			50
 
Status code of request 153 : 			429
redis: nil
Overall request count in Redis : 	0
QPS count in Redis : 			50
 
Status code of request 154 : 			429
redis: nil
Overall request count in Redis : 	0
QPS count in Redis : 			50
 
Status code of request 155 : 			429
redis: nil
Overall request count in Redis : 	0
QPS count in Redis : 			50
 
Status code of request 156 : 			429
redis: nil
Overall request count in Redis : 	0
QPS count in Redis : 			50
 
Status code of request 157 : 			429
redis: nil
Overall request count in Redis : 	0
QPS count in Redis : 			50
 
Status code of request 158 : 			429
redis: nil
Overall request count in Redis : 	0
QPS count in Redis : 			50
 
Status code of request 159 : 			429
redis: nil
Overall request count in Redis : 	0
QPS count in Redis : 			50
 
Status code of request 160 : 			429
redis: nil
Overall request count in Redis : 	0
QPS count in Redis : 			50
 
Status code of request 161 : 			429
redis: nil
Overall request count in Redis : 	0
QPS count in Redis : 			50
 
Status code of request 162 : 			429
redis: nil
Overall request count in Redis : 	0
QPS count in Redis : 			50
 
Status code of request 163 : 			429
redis: nil
Overall request count in Redis : 	0
QPS count in Redis : 			50
 
Status code of request 164 : 			429
redis: nil
Overall request count in Redis : 	0
QPS count in Redis : 			50
 
Status code of request 165 : 			429
redis: nil
Overall request count in Redis : 	0
QPS count in Redis : 			50
 
Status code of request 166 : 			429
redis: nil
Overall request count in Redis : 	0
QPS count in Redis : 			50
 
Status code of request 167 : 			429
redis: nil
Overall request count in Redis : 	0
QPS count in Redis : 			50
 
Status code of request 168 : 			429
redis: nil
Overall request count in Redis : 	0
QPS count in Redis : 			50
 
Status code of request 169 : 			429
redis: nil
Overall request count in Redis : 	0
QPS count in Redis : 			50
 
Status code of request 170 : 			429
redis: nil
Overall request count in Redis : 	0
QPS count in Redis : 			50
 
Status code of request 171 : 			429
redis: nil
Overall request count in Redis : 	0
QPS count in Redis : 			50
 
Status code of request 172 : 			429
redis: nil
Overall request count in Redis : 	0
QPS count in Redis : 			50
 
Status code of request 173 : 			429
redis: nil
Overall request count in Redis : 	0
QPS count in Redis : 			50
 
Status code of request 174 : 			429
redis: nil
Overall request count in Redis : 	0
QPS count in Redis : 			50
 
Status code of request 175 : 			429
redis: nil
Overall request count in Redis : 	0
QPS count in Redis : 			50
 
Status code of request 176 : 			429
redis: nil
Overall request count in Redis : 	0
QPS count in Redis : 			50
 
Status code of request 177 : 			429
redis: nil
Overall request count in Redis : 	0
QPS count in Redis : 			50
 
Status code of request 178 : 			429
redis: nil
Overall request count in Redis : 	0
QPS count in Redis : 			50
 
Status code of request 179 : 			429
redis: nil
Overall request count in Redis : 	0
QPS count in Redis : 			50
 
Status code of request 180 : 			429
redis: nil
Overall request count in Redis : 	0
QPS count in Redis : 			50
 
Status code of request 181 : 			429
redis: nil
Overall request count in Redis : 	0
QPS count in Redis : 			50
 
Status code of request 182 : 			429
redis: nil
Overall request count in Redis : 	0
QPS count in Redis : 			50
 
Status code of request 183 : 			429
redis: nil
Overall request count in Redis : 	0
QPS count in Redis : 			50
 
Status code of request 184 : 			429
redis: nil
Overall request count in Redis : 	0
QPS count in Redis : 			50
 
Status code of request 185 : 			429
redis: nil
Overall request count in Redis : 	0
QPS count in Redis : 			50
 
Status code of request 186 : 			429
redis: nil
Overall request count in Redis : 	0
QPS count in Redis : 			50
 
Status code of request 187 : 			429
redis: nil
Overall request count in Redis : 	0
QPS count in Redis : 			50
 
Status code of request 188 : 			429
redis: nil
Overall request count in Redis : 	0
QPS count in Redis : 			50
 
Status code of request 189 : 			429
redis: nil
Overall request count in Redis : 	0
QPS count in Redis : 			50
 
Status code of request 190 : 			429
redis: nil
Overall request count in Redis : 	0
QPS count in Redis : 			50
 
Status code of request 191 : 			429
redis: nil
Overall request count in Redis : 	0
QPS count in Redis : 			50
 
Status code of request 192 : 			429
redis: nil
Overall request count in Redis : 	0
QPS count in Redis : 			50
 
Status code of request 193 : 			429
redis: nil
Overall request count in Redis : 	0
QPS count in Redis : 			50
 
Status code of request 194 : 			429
redis: nil
Overall request count in Redis : 	0
QPS count in Redis : 			50
 
Status code of request 195 : 			429
redis: nil
Overall request count in Redis : 	0
QPS count in Redis : 			50
 
Status code of request 196 : 			429
redis: nil
Overall request count in Redis : 	0
QPS count in Redis : 			50
 
Status code of request 197 : 			429
redis: nil
Overall request count in Redis : 	0
QPS count in Redis : 			50
 
Status code of request 198 : 			429
redis: nil
Overall request count in Redis : 	0
QPS count in Redis : 			50
 
Status code of request 199 : 			429
redis: nil
Overall request count in Redis : 	0
QPS count in Redis : 			50
 
Status code of request 200 : 			429
redis: nil
Overall request count in Redis : 	0
QPS count in Redis : 			50
 
Status code of request 201 : 			429
redis: nil
Overall request count in Redis : 	0
QPS count in Redis : 			50
 
Status code of request 202 : 			429
redis: nil
Overall request count in Redis : 	0
QPS count in Redis : 			50
 
Status code of request 203 : 			429
redis: nil
Overall request count in Redis : 	0
QPS count in Redis : 			50
 
Status code of request 204 : 			429
redis: nil
Overall request count in Redis : 	0
QPS count in Redis : 			50
 
Status code of request 205 : 			429
redis: nil
Overall request count in Redis : 	0
QPS count in Redis : 			50
 
